C:\LAB06-LISTDIR-DESLIFER\LAB06-LISTDIR\DEBUG\VC110.PDB
C:\LAB06-LISTDIR-DESLIFER\LAB06-LISTDIR\DEBUG\LISTDIR.OBJ
C:\LAB06-LISTDIR-DESLIFER\LAB06-LISTDIR\DEBUG\LAB06-LISTDIR.ILK
C:\LAB06-LISTDIR-DESLIFER\LAB06-LISTDIR\DEBUG\LAB06-LISTDIR.EXE
C:\LAB06-LISTDIR-DESLIFER\LAB06-LISTDIR\DEBUG\LAB06-LISTDIR.PDB
C:\lab06-listdir-Deslifer\lab06-listdir\Debug\listdir.obj
C:\lab06-listdir-Deslifer\lab06-listdir\Debug\lab06-listdir.ilk
C:\lab06-listdir-Deslifer\lab06-listdir\Debug\cl.command.1.tlog
C:\lab06-listdir-Deslifer\lab06-listdir\Debug\CL.read.1.tlog
C:\lab06-listdir-Deslifer\lab06-listdir\Debug\CL.write.1.tlog
C:\lab06-listdir-Deslifer\lab06-listdir\Debug\link-cvtres.read.1.tlog
C:\lab06-listdir-Deslifer\lab06-listdir\Debug\link-cvtres.write.1.tlog
C:\lab06-listdir-Deslifer\lab06-listdir\Debug\link-rc.read.1.tlog
C:\lab06-listdir-Deslifer\lab06-listdir\Debug\link-rc.write.1.tlog
C:\lab06-listdir-Deslifer\lab06-listdir\Debug\link.command.1.tlog
C:\lab06-listdir-Deslifer\lab06-listdir\Debug\link.read.1.tlog
C:\lab06-listdir-Deslifer\lab06-listdir\Debug\link.write.1.tlog
C:\lab06-listdir-Deslifer\lab06-listdir\Debug\vc110.idb
C:\lab06-listdir-Deslifer\lab06-listdir\Debug\lab06-listdir.pdb
C:\lab06-listdir-Deslifer\lab06-listdir\Debug\vc110.pdb
C:\lab06-listdir-Deslifer\lab06-listdir\Debug\lab06-listdir.exe
